2025-12-11 20:31:18 [INFO] [31m[1mWARNING: This is a development server. Do not use it in a production deployment. Use a production WSGI server instead.[0m
 * Running on http://127.0.0.1:5000
2025-12-11 20:31:18 [INFO] [33mPress CTRL+C to quit[0m
2025-12-11 20:31:28 [INFO] Оброблено запит на головну сторінку
2025-12-11 20:31:28 [INFO] 127.0.0.1 - - [11/Dec/2025 20:31:28] "GET / HTTP/1.1" 200 -
2025-12-11 20:31:29 [ERROR] Критична помилка під час обробки запиту
Traceback (most recent call last):
  File "/Users/polinabykova/PycharmProjects/flask/.venv/lib/python3.13/site-packages/flask/app.py", line 917, in full_dispatch_request
    rv = self.dispatch_request()
  File "/Users/polinabykova/PycharmProjects/flask/.venv/lib/python3.13/site-packages/flask/app.py", line 891, in dispatch_request
    self.raise_routing_exception(req)
    ~~~~~~~~~~~~~~~~~~~~~~~~~~~~^^^^^
  File "/Users/polinabykova/PycharmProjects/flask/.venv/lib/python3.13/site-packages/flask/app.py", line 500, in raise_routing_exception
    raise request.routing_exception  # type: ignore[misc]
    ^^^^^^^^^^^^^^^^^^^^^^^^^^^^^^^
  File "/Users/polinabykova/PycharmProjects/flask/.venv/lib/python3.13/site-packages/flask/ctx.py", line 362, in match_request
    result = self.url_adapter.match(return_rule=True)  # type: ignore
  File "/Users/polinabykova/PycharmProjects/flask/.venv/lib/python3.13/site-packages/werkzeug/routing/map.py", line 629, in match
    raise NotFound() from None
werkzeug.exceptions.NotFound: 404 Not Found: The requested URL was not found on the server. If you entered the URL manually please check your spelling and try again.
2025-12-11 20:31:29 [INFO] 127.0.0.1 - - [11/Dec/2025 20:31:29] "[35m[1mGET /favicon.ico HTTP/1.1[0m" 500 -
2025-12-11 20:31:46 [INFO] Запит на отримання статусу
2025-12-11 20:31:46 [INFO] 127.0.0.1 - - [11/Dec/2025 20:31:46] "GET /status HTTP/1.1" 200 -
2025-12-11 20:31:46 [ERROR] Критична помилка під час обробки запиту
Traceback (most recent call last):
  File "/Users/polinabykova/PycharmProjects/flask/.venv/lib/python3.13/site-packages/flask/app.py", line 917, in full_dispatch_request
    rv = self.dispatch_request()
  File "/Users/polinabykova/PycharmProjects/flask/.venv/lib/python3.13/site-packages/flask/app.py", line 891, in dispatch_request
    self.raise_routing_exception(req)
    ~~~~~~~~~~~~~~~~~~~~~~~~~~~~^^^^^
  File "/Users/polinabykova/PycharmProjects/flask/.venv/lib/python3.13/site-packages/flask/app.py", line 500, in raise_routing_exception
    raise request.routing_exception  # type: ignore[misc]
    ^^^^^^^^^^^^^^^^^^^^^^^^^^^^^^^
  File "/Users/polinabykova/PycharmProjects/flask/.venv/lib/python3.13/site-packages/flask/ctx.py", line 362, in match_request
    result = self.url_adapter.match(return_rule=True)  # type: ignore
  File "/Users/polinabykova/PycharmProjects/flask/.venv/lib/python3.13/site-packages/werkzeug/routing/map.py", line 629, in match
    raise NotFound() from None
werkzeug.exceptions.NotFound: 404 Not Found: The requested URL was not found on the server. If you entered the URL manually please check your spelling and try again.
2025-12-11 20:31:46 [INFO] 127.0.0.1 - - [11/Dec/2025 20:31:46] "[35m[1mGET /favicon.ico HTTP/1.1[0m" 500 -
2025-12-11 20:32:04 [WARNING] Хтось намагається викликати помилку...
2025-12-11 20:32:04 [ERROR] Критична помилка під час обробки запиту
Traceback (most recent call last):
  File "/Users/polinabykova/PycharmProjects/flask/.venv/lib/python3.13/site-packages/flask/app.py", line 917, in full_dispatch_request
    rv = self.dispatch_request()
  File "/Users/polinabykova/PycharmProjects/flask/.venv/lib/python3.13/site-packages/flask/app.py", line 902, in dispatch_request
    return self.ensure_sync(self.view_functions[rule.endpoint])(**view_args)  # type: ignore[no-any-return]
           ~~~~~~~~~~~~~~~~~~~~~~~~~~~~~~~~~~~~~~~~~~~~~~~~~~~~^^^^^^^^^^^^^
  File "/Users/polinabykova/PycharmProjects/flask/app.py", line 69, in trigger_error
    return str(1 / 0)
               ~~^~~
ZeroDivisionError: division by zero
2025-12-11 20:32:04 [INFO] 127.0.0.1 - - [11/Dec/2025 20:32:04] "[35m[1mGET /error HTTP/1.1[0m" 500 -
2025-12-11 20:32:05 [ERROR] Критична помилка під час обробки запиту
Traceback (most recent call last):
  File "/Users/polinabykova/PycharmProjects/flask/.venv/lib/python3.13/site-packages/flask/app.py", line 917, in full_dispatch_request
    rv = self.dispatch_request()
  File "/Users/polinabykova/PycharmProjects/flask/.venv/lib/python3.13/site-packages/flask/app.py", line 891, in dispatch_request
    self.raise_routing_exception(req)
    ~~~~~~~~~~~~~~~~~~~~~~~~~~~~^^^^^
  File "/Users/polinabykova/PycharmProjects/flask/.venv/lib/python3.13/site-packages/flask/app.py", line 500, in raise_routing_exception
    raise request.routing_exception  # type: ignore[misc]
    ^^^^^^^^^^^^^^^^^^^^^^^^^^^^^^^
  File "/Users/polinabykova/PycharmProjects/flask/.venv/lib/python3.13/site-packages/flask/ctx.py", line 362, in match_request
    result = self.url_adapter.match(return_rule=True)  # type: ignore
  File "/Users/polinabykova/PycharmProjects/flask/.venv/lib/python3.13/site-packages/werkzeug/routing/map.py", line 629, in match
    raise NotFound() from None
werkzeug.exceptions.NotFound: 404 Not Found: The requested URL was not found on the server. If you entered the URL manually please check your spelling and try again.
2025-12-11 20:32:05 [INFO] 127.0.0.1 - - [11/Dec/2025 20:32:05] "[35m[1mGET /favicon.ico HTTP/1.1[0m" 500 -
